# JRE version: Java(TM) SE Runtime Environment (8.0_241-b07) (build 1.8.0_241-b07)
# Java VM: Java HotSpot(TM) 64-Bit Server VM (25.241-b07 mixed mode windows-amd64 compressed oops)
Heap:
 PSYoungGen      total 32256K, used 30463K [0x00000000dc800000, 0x00000000e0700000, 0x0000000100000000)
  eden space 27648K, 99% used [0x00000000dc800000,0x00000000de2f9240,0x00000000de300000)
  from space 4608K, 61% used [0x00000000de300000,0x00000000de5c6b90,0x00000000de780000)
  to   space 4608K, 0% used [0x00000000e0280000,0x00000000e0280000,0x00000000e0700000)
 ParOldGen       total 73728K, used 32K [0x0000000095800000, 0x000000009a000000, 0x00000000dc800000)
  object space 73728K, 0% used [0x0000000095800000,0x0000000095808000,0x000000009a000000)
 Metaspace       used 13438K, capacity 13718K, committed 13824K, reserved 1060864K
  class space    used 1663K, capacity 1786K, committed 1792K, reserved 1048576K
GC Heap History (6 events):
Event: 0.828 GC heap before
{Heap before GC invocations=1 (full 0):
 PSYoungGen      total 32256K, used 27648K [0x00000000dc800000, 0x00000000dec00000, 0x0000000100000000)
  eden space 27648K, 100% used [0x00000000dc800000,0x00000000de300000,0x00000000de300000)
  from space 4608K, 0% used [0x00000000de780000,0x00000000de780000,0x00000000dec00000)
  to   space 4608K, 0% used [0x00000000de300000,0x00000000de300000,0x00000000de780000)
 ParOldGen       total 73728K, used 0K [0x0000000095800000, 0x000000009a000000, 0x00000000dc800000)
  object space 73728K, 0% used [0x0000000095800000,0x0000000095800000,0x000000009a000000)
 Metaspace       used 6442K, capacity 6642K, committed 6784K, reserved 1056768K
  class space    used 720K, capacity 783K, committed 896K, reserved 1048576K
Event: 0.833 GC heap after
Heap after GC invocations=1 (full 0):
 PSYoungGen      total 32256K, used 2203K [0x00000000dc800000, 0x00000000dec00000, 0x0000000100000000)
  eden space 27648K, 0% used [0x00000000dc800000,0x00000000dc800000,0x00000000de300000)
  from space 4608K, 47% used [0x00000000de300000,0x00000000de526ea0,0x00000000de780000)
  to   space 4608K, 0% used [0x00000000de780000,0x00000000de780000,0x00000000dec00000)
 ParOldGen       total 73728K, used 16K [0x0000000095800000, 0x000000009a000000, 0x00000000dc800000)
  object space 73728K, 0% used [0x0000000095800000,0x0000000095804000,0x000000009a000000)
 Metaspace       used 6442K, capacity 6642K, committed 6784K, reserved 1056768K
  class space    used 720K, capacity 783K, committed 896K, reserved 1048576K
}
Event: 1.984 GC heap before
{Heap before GC invocations=2 (full 0):
 PSYoungGen      total 32256K, used 29851K [0x00000000dc800000, 0x00000000dec00000, 0x0000000100000000)
  eden space 27648K, 100% used [0x00000000dc800000,0x00000000de300000,0x00000000de300000)
  from space 4608K, 47% used [0x00000000de300000,0x00000000de526ea0,0x00000000de780000)
  to   space 4608K, 0% used [0x00000000de780000,0x00000000de780000,0x00000000dec00000)
 ParOldGen       total 73728K, used 16K [0x0000000095800000, 0x000000009a000000, 0x00000000dc800000)
  object space 73728K, 0% used [0x0000000095800000,0x0000000095804000,0x000000009a000000)
 Metaspace       used 9152K, capacity 9402K, committed 9728K, reserved 1058816K
  class space    used 1092K, capacity 1167K, committed 1280K, reserved 1048576K
Event: 1.988 GC heap after
Heap after GC invocations=2 (full 0):
 PSYoungGen      total 32256K, used 2570K [0x00000000dc800000, 0x00000000dec00000, 0x0000000100000000)
  eden space 27648K, 0% used [0x00000000dc800000,0x00000000dc800000,0x00000000de300000)
  from space 4608K, 55% used [0x00000000de780000,0x00000000dea02b80,0x00000000dec00000)
  to   space 4608K, 0% used [0x00000000de300000,0x00000000de300000,0x00000000de780000)
 ParOldGen       total 73728K, used 24K [0x0000000095800000, 0x000000009a000000, 0x00000000dc800000)
  object space 73728K, 0% used [0x0000000095800000,0x0000000095806000,0x000000009a000000)
 Metaspace       used 9152K, capacity 9402K, committed 9728K, reserved 1058816K
  class space    used 1092K, capacity 1167K, committed 1280K, reserved 1048576K
}
Event: 2.186 GC heap before
{Heap before GC invocations=3 (full 0):
 PSYoungGen      total 32256K, used 30218K [0x00000000dc800000, 0x00000000dec00000, 0x0000000100000000)
  eden space 27648K, 100% used [0x00000000dc800000,0x00000000de300000,0x00000000de300000)
  from space 4608K, 55% used [0x00000000de780000,0x00000000dea02b80,0x00000000dec00000)
  to   space 4608K, 0% used [0x00000000de300000,0x00000000de300000,0x00000000de780000)
 ParOldGen       total 73728K, used 24K [0x0000000095800000, 0x000000009a000000, 0x00000000dc800000)
  object space 73728K, 0% used [0x0000000095800000,0x0000000095806000,0x000000009a000000)
 Metaspace       used 10320K, capacity 10576K, committed 10880K, reserved 1058816K
  class space    used 1232K, capacity 1339K, committed 1408K, reserved 1048576K
Event: 2.191 GC heap after
Heap after GC invocations=3 (full 0):
 PSYoungGen      total 32256K, used 2842K [0x00000000dc800000, 0x00000000e0700000, 0x0000000100000000)
  eden space 27648K, 0% used [0x00000000dc800000,0x00000000dc800000,0x00000000de300000)
  from space 4608K, 61% used [0x00000000de300000,0x00000000de5c6b90,0x00000000de780000)
  to   space 4608K, 0% used [0x00000000e0280000,0x00000000e0280000,0x00000000e0700000)
 ParOldGen       total 73728K, used 32K [0x0000000095800000, 0x000000009a000000, 0x00000000dc800000)
  object space 73728K, 0% used [0x0000000095800000,0x0000000095808000,0x000000009a000000)
 Metaspace       used 10320K, capacity 10576K, committed 10880K, reserved 1058816K
  class space    used 1232K, capacity 1339K, committed 1408K, reserved 1048576K
}

