# JRE version: Java(TM) SE Runtime Environment (8.0_241-b07) (build 1.8.0_241-b07)
# Java VM: Java HotSpot(TM) 64-Bit Server VM (25.241-b07 mixed mode windows-amd64 compressed oops)
Heap:
 PSYoungGen      total 32256K, used 10644K [0x00000000dc800000, 0x00000000e0700000, 0x0000000100000000)
  eden space 27648K, 28% used [0x00000000dc800000,0x00000000dcfa21a8,0x00000000de300000)
  from space 4608K, 61% used [0x00000000de300000,0x00000000de5c2eb0,0x00000000de780000)
  to   space 4608K, 0% used [0x00000000e0280000,0x00000000e0280000,0x00000000e0700000)
 ParOldGen       total 73728K, used 24K [0x0000000095800000, 0x000000009a000000, 0x00000000dc800000)
  object space 73728K, 0% used [0x0000000095800000,0x0000000095806000,0x000000009a000000)
 Metaspace       used 11775K, capacity 12072K, committed 12416K, reserved 1060864K
  class space    used 1435K, capacity 1541K, committed 1664K, reserved 1048576K
GC Heap History (6 events):
Event: 0.936 GC heap before
{Heap before GC invocations=1 (full 0):
 PSYoungGen      total 32256K, used 27648K [0x00000000dc800000, 0x00000000dec00000, 0x0000000100000000)
  eden space 27648K, 100% used [0x00000000dc800000,0x00000000de300000,0x00000000de300000)
  from space 4608K, 0% used [0x00000000de780000,0x00000000de780000,0x00000000dec00000)
  to   space 4608K, 0% used [0x00000000de300000,0x00000000de300000,0x00000000de780000)
 ParOldGen       total 73728K, used 0K [0x0000000095800000, 0x000000009a000000, 0x00000000dc800000)
  object space 73728K, 0% used [0x0000000095800000,0x0000000095800000,0x000000009a000000)
 Metaspace       used 6442K, capacity 6642K, committed 6784K, reserved 1056768K
  class space    used 720K, capacity 783K, committed 896K, reserved 1048576K
Event: 0.942 GC heap after
Heap after GC invocations=1 (full 0):
 PSYoungGen      total 32256K, used 2219K [0x00000000dc800000, 0x00000000dec00000, 0x0000000100000000)
  eden space 27648K, 0% used [0x00000000dc800000,0x00000000dc800000,0x00000000de300000)
  from space 4608K, 48% used [0x00000000de300000,0x00000000de52aeb0,0x00000000de780000)
  to   space 4608K, 0% used [0x00000000de780000,0x00000000de780000,0x00000000dec00000)
 ParOldGen       total 73728K, used 8K [0x0000000095800000, 0x000000009a000000, 0x00000000dc800000)
  object space 73728K, 0% used [0x0000000095800000,0x0000000095802000,0x000000009a000000)
 Metaspace       used 6442K, capacity 6642K, committed 6784K, reserved 1056768K
  class space    used 720K, capacity 783K, committed 896K, reserved 1048576K
}
Event: 2.171 GC heap before
{Heap before GC invocations=2 (full 0):
 PSYoungGen      total 32256K, used 29867K [0x00000000dc800000, 0x00000000dec00000, 0x0000000100000000)
  eden space 27648K, 100% used [0x00000000dc800000,0x00000000de300000,0x00000000de300000)
  from space 4608K, 48% used [0x00000000de300000,0x00000000de52aeb0,0x00000000de780000)
  to   space 4608K, 0% used [0x00000000de780000,0x00000000de780000,0x00000000dec00000)
 ParOldGen       total 73728K, used 8K [0x0000000095800000, 0x000000009a000000, 0x00000000dc800000)
  object space 73728K, 0% used [0x0000000095800000,0x0000000095802000,0x000000009a000000)
 Metaspace       used 9125K, capacity 9338K, committed 9472K, reserved 1056768K
  class space    used 1089K, capacity 1167K, committed 1280K, reserved 1048576K
Event: 2.176 GC heap after
Heap after GC invocations=2 (full 0):
 PSYoungGen      total 32256K, used 2578K [0x00000000dc800000, 0x00000000dec00000, 0x0000000100000000)
  eden space 27648K, 0% used [0x00000000dc800000,0x00000000dc800000,0x00000000de300000)
  from space 4608K, 55% used [0x00000000de780000,0x00000000dea04960,0x00000000dec00000)
  to   space 4608K, 0% used [0x00000000de300000,0x00000000de300000,0x00000000de780000)
 ParOldGen       total 73728K, used 16K [0x0000000095800000, 0x000000009a000000, 0x00000000dc800000)
  object space 73728K, 0% used [0x0000000095800000,0x0000000095804000,0x000000009a000000)
 Metaspace       used 9125K, capacity 9338K, committed 9472K, reserved 1056768K
  class space    used 1089K, capacity 1167K, committed 1280K, reserved 1048576K
}
Event: 2.392 GC heap before
{Heap before GC invocations=3 (full 0):
 PSYoungGen      total 32256K, used 30226K [0x00000000dc800000, 0x00000000dec00000, 0x0000000100000000)
  eden space 27648K, 100% used [0x00000000dc800000,0x00000000de300000,0x00000000de300000)
  from space 4608K, 55% used [0x00000000de780000,0x00000000dea04960,0x00000000dec00000)
  to   space 4608K, 0% used [0x00000000de300000,0x00000000de300000,0x00000000de780000)
 ParOldGen       total 73728K, used 16K [0x0000000095800000, 0x000000009a000000, 0x00000000dc800000)
  object space 73728K, 0% used [0x0000000095800000,0x0000000095804000,0x000000009a000000)
 Metaspace       used 10310K, capacity 10576K, committed 10880K, reserved 1058816K
  class space    used 1229K, capacity 1339K, committed 1408K, reserved 1048576K
Event: 2.398 GC heap after
Heap after GC invocations=3 (full 0):
 PSYoungGen      total 32256K, used 2827K [0x00000000dc800000, 0x00000000e0700000, 0x0000000100000000)
  eden space 27648K, 0% used [0x00000000dc800000,0x00000000dc800000,0x00000000de300000)
  from space 4608K, 61% used [0x00000000de300000,0x00000000de5c2eb0,0x00000000de780000)
  to   space 4608K, 0% used [0x00000000e0280000,0x00000000e0280000,0x00000000e0700000)
 ParOldGen       total 73728K, used 24K [0x0000000095800000, 0x000000009a000000, 0x00000000dc800000)
  object space 73728K, 0% used [0x0000000095800000,0x0000000095806000,0x000000009a000000)
 Metaspace       used 10310K, capacity 10576K, committed 10880K, reserved 1058816K
  class space    used 1229K, capacity 1339K, committed 1408K, reserved 1048576K
}

