# JRE version: Java(TM) SE Runtime Environment (8.0_241-b07) (build 1.8.0_241-b07)
# Java VM: Java HotSpot(TM) 64-Bit Server VM (25.241-b07 mixed mode windows-amd64 compressed oops)
Heap:
 PSYoungGen      total 98816K, used 12754K [0x00000000dc800000, 0x00000000e4300000, 0x0000000100000000)
  eden space 92672K, 7% used [0x00000000dc800000,0x00000000dcee8e60,0x00000000e2280000)
  from space 6144K, 92% used [0x00000000e3d00000,0x00000000e428bb48,0x00000000e4300000)
  to   space 9216K, 0% used [0x00000000e3100000,0x00000000e3100000,0x00000000e3a00000)
 ParOldGen       total 46592K, used 6641K [0x0000000095800000, 0x0000000098580000, 0x00000000dc800000)
  object space 46592K, 14% used [0x0000000095800000,0x0000000095e7c6e8,0x0000000098580000)
 Metaspace       used 23693K, capacity 24726K, committed 24832K, reserved 1071104K
  class space    used 3291K, capacity 3539K, committed 3584K, reserved 1048576K
GC Heap History (10 events):
Event: 3.917 GC heap before
{Heap before GC invocations=3 (full 0):
 PSYoungGen      total 32256K, used 32254K [0x00000000dc800000, 0x00000000e0700000, 0x0000000100000000)
  eden space 27648K, 100% used [0x00000000dc800000,0x00000000de300000,0x00000000de300000)
  from space 4608K, 99% used [0x00000000de780000,0x00000000debff870,0x00000000dec00000)
  to   space 4608K, 0% used [0x00000000de300000,0x00000000de300000,0x00000000de780000)
 ParOldGen       total 73728K, used 3141K [0x0000000095800000, 0x000000009a000000, 0x00000000dc800000)
  object space 73728K, 4% used [0x0000000095800000,0x0000000095b11660,0x000000009a000000)
 Metaspace       used 15623K, capacity 16090K, committed 16384K, reserved 1062912K
  class space    used 2090K, capacity 2239K, committed 2304K, reserved 1048576K
Event: 3.934 GC heap after
Heap after GC invocations=3 (full 0):
 PSYoungGen      total 32256K, used 4590K [0x00000000dc800000, 0x00000000e0700000, 0x0000000100000000)
  eden space 27648K, 0% used [0x00000000dc800000,0x00000000dc800000,0x00000000de300000)
  from space 4608K, 99% used [0x00000000de300000,0x00000000de77b880,0x00000000de780000)
  to   space 4608K, 0% used [0x00000000e0280000,0x00000000e0280000,0x00000000e0700000)
 ParOldGen       total 73728K, used 5924K [0x0000000095800000, 0x000000009a000000, 0x00000000dc800000)
  object space 73728K, 8% used [0x0000000095800000,0x0000000095dc9098,0x000000009a000000)
 Metaspace       used 15623K, capacity 16090K, committed 16384K, reserved 1062912K
  class space    used 2090K, capacity 2239K, committed 2304K, reserved 1048576K
}
Event: 4.775 GC heap before
{Heap before GC invocations=4 (full 0):
 PSYoungGen      total 32256K, used 32238K [0x00000000dc800000, 0x00000000e0700000, 0x0000000100000000)
  eden space 27648K, 100% used [0x00000000dc800000,0x00000000de300000,0x00000000de300000)
  from space 4608K, 99% used [0x00000000de300000,0x00000000de77b880,0x00000000de780000)
  to   space 4608K, 0% used [0x00000000e0280000,0x00000000e0280000,0x00000000e0700000)
 ParOldGen       total 73728K, used 5924K [0x0000000095800000, 0x000000009a000000, 0x00000000dc800000)
  object space 73728K, 8% used [0x0000000095800000,0x0000000095dc9098,0x000000009a000000)
 Metaspace       used 18692K, capacity 19372K, committed 19712K, reserved 1067008K
  class space    used 2542K, capacity 2738K, committed 2816K, reserved 1048576K
Event: 4.789 GC heap after
Heap after GC invocations=4 (full 0):
 PSYoungGen      total 59904K, used 4590K [0x00000000dc800000, 0x00000000e0700000, 0x0000000100000000)
  eden space 55296K, 0% used [0x00000000dc800000,0x00000000dc800000,0x00000000dfe00000)
  from space 4608K, 99% used [0x00000000e0280000,0x00000000e06fb880,0x00000000e0700000)
  to   space 4608K, 0% used [0x00000000dfe00000,0x00000000dfe00000,0x00000000e0280000)
 ParOldGen       total 73728K, used 9459K [0x0000000095800000, 0x000000009a000000, 0x00000000dc800000)
  object space 73728K, 12% used [0x0000000095800000,0x000000009613cd70,0x000000009a000000)
 Metaspace       used 18692K, capacity 19372K, committed 19712K, reserved 1067008K
  class space    used 2542K, capacity 2738K, committed 2816K, reserved 1048576K
}
Event: 5.244 GC heap before
{Heap before GC invocations=5 (full 0):
 PSYoungGen      total 59904K, used 24338K [0x00000000dc800000, 0x00000000e0700000, 0x0000000100000000)
  eden space 55296K, 35% used [0x00000000dc800000,0x00000000ddb49188,0x00000000dfe00000)
  from space 4608K, 99% used [0x00000000e0280000,0x00000000e06fb880,0x00000000e0700000)
  to   space 4608K, 0% used [0x00000000dfe00000,0x00000000dfe00000,0x00000000e0280000)
 ParOldGen       total 73728K, used 9459K [0x0000000095800000, 0x000000009a000000, 0x00000000dc800000)
  object space 73728K, 12% used [0x0000000095800000,0x000000009613cd70,0x000000009a000000)
 Metaspace       used 20362K, capacity 21116K, committed 21248K, reserved 1067008K
  class space    used 2779K, capacity 2962K, committed 3072K, reserved 1048576K
Event: 5.259 GC heap after
Heap after GC invocations=5 (full 0):
 PSYoungGen      total 59904K, used 4590K [0x00000000dc800000, 0x00000000e4600000, 0x0000000100000000)
  eden space 55296K, 0% used [0x00000000dc800000,0x00000000dc800000,0x00000000dfe00000)
  from space 4608K, 99% used [0x00000000dfe00000,0x00000000e027b880,0x00000000e0280000)
  to   space 9216K, 0% used [0x00000000e3d00000,0x00000000e3d00000,0x00000000e4600000)
 ParOldGen       total 73728K, used 11484K [0x0000000095800000, 0x000000009a000000, 0x00000000dc800000)
  object space 73728K, 15% used [0x0000000095800000,0x0000000096337008,0x000000009a000000)
 Metaspace       used 20362K, capacity 21116K, committed 21248K, reserved 1067008K
  class space    used 2779K, capacity 2962K, committed 3072K, reserved 1048576K
}
Event: 5.259 GC heap before
{Heap before GC invocations=6 (full 1):
 PSYoungGen      total 59904K, used 4590K [0x00000000dc800000, 0x00000000e4600000, 0x0000000100000000)
  eden space 55296K, 0% used [0x00000000dc800000,0x00000000dc800000,0x00000000dfe00000)
  from space 4608K, 99% used [0x00000000dfe00000,0x00000000e027b880,0x00000000e0280000)
  to   space 9216K, 0% used [0x00000000e3d00000,0x00000000e3d00000,0x00000000e4600000)
 ParOldGen       total 73728K, used 11484K [0x0000000095800000, 0x000000009a000000, 0x00000000dc800000)
  object space 73728K, 15% used [0x0000000095800000,0x0000000096337008,0x000000009a000000)
 Metaspace       used 20362K, capacity 21116K, committed 21248K, reserved 1067008K
  class space    used 2779K, capacity 2962K, committed 3072K, reserved 1048576K
Event: 5.320 GC heap after
Heap after GC invocations=6 (full 1):
 PSYoungGen      total 59904K, used 0K [0x00000000dc800000, 0x00000000e4600000, 0x0000000100000000)
  eden space 55296K, 0% used [0x00000000dc800000,0x00000000dc800000,0x00000000dfe00000)
  from space 4608K, 0% used [0x00000000dfe00000,0x00000000dfe00000,0x00000000e0280000)
  to   space 9216K, 0% used [0x00000000e3d00000,0x00000000e3d00000,0x00000000e4600000)
 ParOldGen       total 46592K, used 6633K [0x0000000095800000, 0x0000000098580000, 0x00000000dc800000)
  object space 46592K, 14% used [0x0000000095800000,0x0000000095e7a6e8,0x0000000098580000)
 Metaspace       used 20360K, capacity 21110K, committed 21248K, reserved 1067008K
  class space    used 2779K, capacity 2961K, committed 3072K, reserved 1048576K
}
Event: 9.388 GC heap before
{Heap before GC invocations=7 (full 1):
 PSYoungGen      total 59904K, used 55296K [0x00000000dc800000, 0x00000000e4600000, 0x0000000100000000)
  eden space 55296K, 100% used [0x00000000dc800000,0x00000000dfe00000,0x00000000dfe00000)
  from space 4608K, 0% used [0x00000000dfe00000,0x00000000dfe00000,0x00000000e0280000)
  to   space 9216K, 0% used [0x00000000e3d00000,0x00000000e3d00000,0x00000000e4600000)
 ParOldGen       total 46592K, used 6633K [0x0000000095800000, 0x0000000098580000, 0x00000000dc800000)
  object space 46592K, 14% used [0x0000000095800000,0x0000000095e7a6e8,0x0000000098580000)
 Metaspace       used 23614K, capacity 24612K, committed 24832K, reserved 1071104K
  class space    used 3277K, capacity 3504K, committed 3584K, reserved 1048576K
Event: 9.398 GC heap after
Heap after GC invocations=7 (full 1):
 PSYoungGen      total 98816K, used 5678K [0x00000000dc800000, 0x00000000e4300000, 0x0000000100000000)
  eden space 92672K, 0% used [0x00000000dc800000,0x00000000dc800000,0x00000000e2280000)
  from space 6144K, 92% used [0x00000000e3d00000,0x00000000e428bb48,0x00000000e4300000)
  to   space 9216K, 0% used [0x00000000e3100000,0x00000000e3100000,0x00000000e3a00000)
 ParOldGen       total 46592K, used 6641K [0x0000000095800000, 0x0000000098580000, 0x00000000dc800000)
  object space 46592K, 14% used [0x0000000095800000,0x0000000095e7c6e8,0x0000000098580000)
 Metaspace       used 23614K, capacity 24612K, committed 24832K, reserved 1071104K
  class space    used 3277K, capacity 3504K, committed 3584K, reserved 1048576K
}

