# JRE version: Java(TM) SE Runtime Environment (8.0_241-b07) (build 1.8.0_241-b07)
# Java VM: Java HotSpot(TM) 64-Bit Server VM (25.241-b07 mixed mode windows-amd64 compressed oops)
Heap:
 PSYoungGen      total 115200K, used 52472K [0x00000000dc800000, 0x00000000e3d00000, 0x0000000100000000)
  eden space 110592K, 43% used [0x00000000dc800000,0x00000000df6be318,0x00000000e3400000)
  from space 4608K, 99% used [0x00000000e3400000,0x00000000e387ffa0,0x00000000e3880000)
  to   space 4608K, 0% used [0x00000000e3880000,0x00000000e3880000,0x00000000e3d00000)
 ParOldGen       total 48640K, used 10747K [0x0000000095800000, 0x0000000098780000, 0x00000000dc800000)
  object space 48640K, 22% used [0x0000000095800000,0x000000009627ed60,0x0000000098780000)
 Metaspace       used 24551K, capacity 25646K, committed 25984K, reserved 1075200K
  class space    used 3350K, capacity 3617K, committed 3712K, reserved 1048576K
GC Heap History (10 events):
Event: 2.247 GC heap before
{Heap before GC invocations=2 (full 0):
 PSYoungGen      total 32256K, used 31692K [0x00000000dc800000, 0x00000000e0700000, 0x0000000100000000)
  eden space 27648K, 99% used [0x00000000dc800000,0x00000000de2fd348,0x00000000de300000)
  from space 4608K, 88% used [0x00000000de300000,0x00000000de6f5ec8,0x00000000de780000)
  to   space 4608K, 0% used [0x00000000e0280000,0x00000000e0280000,0x00000000e0700000)
 ParOldGen       total 73728K, used 8K [0x0000000095800000, 0x000000009a000000, 0x00000000dc800000)
  object space 73728K, 0% used [0x0000000095800000,0x0000000095802000,0x000000009a000000)
 Metaspace       used 10291K, capacity 10528K, committed 10624K, reserved 1058816K
  class space    used 1278K, capacity 1362K, committed 1408K, reserved 1048576K
Event: 2.254 GC heap after
Heap after GC invocations=2 (full 0):
 PSYoungGen      total 59904K, used 3220K [0x00000000dc800000, 0x00000000e0700000, 0x0000000100000000)
  eden space 55296K, 0% used [0x00000000dc800000,0x00000000dc800000,0x00000000dfe00000)
  from space 4608K, 69% used [0x00000000e0280000,0x00000000e05a5138,0x00000000e0700000)
  to   space 4608K, 0% used [0x00000000dfe00000,0x00000000dfe00000,0x00000000e0280000)
 ParOldGen       total 73728K, used 16K [0x0000000095800000, 0x000000009a000000, 0x00000000dc800000)
  object space 73728K, 0% used [0x0000000095800000,0x0000000095804000,0x000000009a000000)
 Metaspace       used 10291K, capacity 10528K, committed 10624K, reserved 1058816K
  class space    used 1278K, capacity 1362K, committed 1408K, reserved 1048576K
}
Event: 2.875 GC heap before
{Heap before GC invocations=3 (full 0):
 PSYoungGen      total 59904K, used 58516K [0x00000000dc800000, 0x00000000e0700000, 0x0000000100000000)
  eden space 55296K, 100% used [0x00000000dc800000,0x00000000dfe00000,0x00000000dfe00000)
  from space 4608K, 69% used [0x00000000e0280000,0x00000000e05a5138,0x00000000e0700000)
  to   space 4608K, 0% used [0x00000000dfe00000,0x00000000dfe00000,0x00000000e0280000)
 ParOldGen       total 73728K, used 16K [0x0000000095800000, 0x000000009a000000, 0x00000000dc800000)
  object space 73728K, 0% used [0x0000000095800000,0x0000000095804000,0x000000009a000000)
 Metaspace       used 14192K, capacity 14652K, committed 14848K, reserved 1062912K
  class space    used 1846K, capacity 1992K, committed 2048K, reserved 1048576K
Event: 2.897 GC heap after
Heap after GC invocations=3 (full 0):
 PSYoungGen      total 59904K, used 4603K [0x00000000dc800000, 0x00000000e3d00000, 0x0000000100000000)
  eden space 55296K, 0% used [0x00000000dc800000,0x00000000dc800000,0x00000000dfe00000)
  from space 4608K, 99% used [0x00000000dfe00000,0x00000000e027edf8,0x00000000e0280000)
  to   space 4608K, 0% used [0x00000000e3880000,0x00000000e3880000,0x00000000e3d00000)
 ParOldGen       total 73728K, used 4719K [0x0000000095800000, 0x000000009a000000, 0x00000000dc800000)
  object space 73728K, 6% used [0x0000000095800000,0x0000000095c9bc68,0x000000009a000000)
 Metaspace       used 14192K, capacity 14652K, committed 14848K, reserved 1062912K
  class space    used 1846K, capacity 1992K, committed 2048K, reserved 1048576K
}
Event: 3.426 GC heap before
{Heap before GC invocations=4 (full 0):
 PSYoungGen      total 59904K, used 41471K [0x00000000dc800000, 0x00000000e3d00000, 0x0000000100000000)
  eden space 55296K, 66% used [0x00000000dc800000,0x00000000dec00fb8,0x00000000dfe00000)
  from space 4608K, 99% used [0x00000000dfe00000,0x00000000e027edf8,0x00000000e0280000)
  to   space 4608K, 0% used [0x00000000e3880000,0x00000000e3880000,0x00000000e3d00000)
 ParOldGen       total 73728K, used 4719K [0x0000000095800000, 0x000000009a000000, 0x00000000dc800000)
  object space 73728K, 6% used [0x0000000095800000,0x0000000095c9bc68,0x000000009a000000)
 Metaspace       used 17522K, capacity 18068K, committed 18176K, reserved 1073152K
  class space    used 2314K, capacity 2488K, committed 2560K, reserved 1048576K
Event: 3.439 GC heap after
Heap after GC invocations=4 (full 0):
 PSYoungGen      total 115200K, used 4603K [0x00000000dc800000, 0x00000000e3d00000, 0x0000000100000000)
  eden space 110592K, 0% used [0x00000000dc800000,0x00000000dc800000,0x00000000e3400000)
  from space 4608K, 99% used [0x00000000e3880000,0x00000000e3cfee18,0x00000000e3d00000)
  to   space 4608K, 0% used [0x00000000e3400000,0x00000000e3400000,0x00000000e3880000)
 ParOldGen       total 73728K, used 8315K [0x0000000095800000, 0x000000009a000000, 0x00000000dc800000)
  object space 73728K, 11% used [0x0000000095800000,0x000000009601eff8,0x000000009a000000)
 Metaspace       used 17522K, capacity 18068K, committed 18176K, reserved 1073152K
  class space    used 2314K, capacity 2488K, committed 2560K, reserved 1048576K
}
Event: 3.439 GC heap before
{Heap before GC invocations=5 (full 1):
 PSYoungGen      total 115200K, used 4603K [0x00000000dc800000, 0x00000000e3d00000, 0x0000000100000000)
  eden space 110592K, 0% used [0x00000000dc800000,0x00000000dc800000,0x00000000e3400000)
  from space 4608K, 99% used [0x00000000e3880000,0x00000000e3cfee18,0x00000000e3d00000)
  to   space 4608K, 0% used [0x00000000e3400000,0x00000000e3400000,0x00000000e3880000)
 ParOldGen       total 73728K, used 8315K [0x0000000095800000, 0x000000009a000000, 0x00000000dc800000)
  object space 73728K, 11% used [0x0000000095800000,0x000000009601eff8,0x000000009a000000)
 Metaspace       used 17522K, capacity 18068K, committed 18176K, reserved 1073152K
  class space    used 2314K, capacity 2488K, committed 2560K, reserved 1048576K
Event: 3.488 GC heap after
Heap after GC invocations=5 (full 1):
 PSYoungGen      total 115200K, used 0K [0x00000000dc800000, 0x00000000e3d00000, 0x0000000100000000)
  eden space 110592K, 0% used [0x00000000dc800000,0x00000000dc800000,0x00000000e3400000)
  from space 4608K, 0% used [0x00000000e3880000,0x00000000e3880000,0x00000000e3d00000)
  to   space 4608K, 0% used [0x00000000e3400000,0x00000000e3400000,0x00000000e3880000)
 ParOldGen       total 48640K, used 7452K [0x0000000095800000, 0x0000000098780000, 0x00000000dc800000)
  object space 48640K, 15% used [0x0000000095800000,0x0000000095f47270,0x0000000098780000)
 Metaspace       used 17520K, capacity 18062K, committed 18176K, reserved 1069056K
  class space    used 2314K, capacity 2487K, committed 2560K, reserved 1048576K
}
Event: 7.476 GC heap before
{Heap before GC invocations=6 (full 1):
 PSYoungGen      total 115200K, used 110565K [0x00000000dc800000, 0x00000000e3d00000, 0x0000000100000000)
  eden space 110592K, 99% used [0x00000000dc800000,0x00000000e33f9460,0x00000000e3400000)
  from space 4608K, 0% used [0x00000000e3880000,0x00000000e3880000,0x00000000e3d00000)
  to   space 4608K, 0% used [0x00000000e3400000,0x00000000e3400000,0x00000000e3880000)
 ParOldGen       total 48640K, used 7452K [0x0000000095800000, 0x0000000098780000, 0x00000000dc800000)
  object space 48640K, 15% used [0x0000000095800000,0x0000000095f47270,0x0000000098780000)
 Metaspace       used 23594K, capacity 24688K, committed 24832K, reserved 1073152K
  class space    used 3225K, capacity 3502K, committed 3584K, reserved 1048576K
Event: 7.489 GC heap after
Heap after GC invocations=6 (full 1):
 PSYoungGen      total 115200K, used 4607K [0x00000000dc800000, 0x00000000e3d00000, 0x0000000100000000)
  eden space 110592K, 0% used [0x00000000dc800000,0x00000000dc800000,0x00000000e3400000)
  from space 4608K, 99% used [0x00000000e3400000,0x00000000e387ffa0,0x00000000e3880000)
  to   space 4608K, 0% used [0x00000000e3880000,0x00000000e3880000,0x00000000e3d00000)
 ParOldGen       total 48640K, used 10747K [0x0000000095800000, 0x0000000098780000, 0x00000000dc800000)
  object space 48640K, 22% used [0x0000000095800000,0x000000009627ed60,0x0000000098780000)
 Metaspace       used 23594K, capacity 24688K, committed 24832K, reserved 1073152K
  class space    used 3225K, capacity 3502K, committed 3584K, reserved 1048576K
}

